
2021-12-16 11:51:49...installerHook: Could not find custom/install/install_hooks.php
2021-12-16 11:52:47...installerHook: Could not find custom/install/install_hooks.php
2021-12-16 11:56:40...installerHook: Could not find custom/install/install_hooks.php
2021-12-16 11:56:43...Begin System Check Process *************
2021-12-16 11:56:43...XML Parsing Support Found
2021-12-16 11:56:43...MBString Support Found
2021-12-16 11:56:43...ZIP Support Found
2021-12-16 11:56:43.../custom directory and subdirectory check passed
2021-12-16 11:56:43...cache directory and subdirectory check passed
2021-12-16 11:56:44.../module  directory and subdirectory check passed
2021-12-16 11:56:44.../upload directory check passed
2021-12-16 11:56:44.../zip check passed
2021-12-16 11:56:44.../BCMATH check passed
2021-12-16 11:56:44...Testing .htaccess redirects
2021-12-16 11:56:44...Passed .htaccess redirects check
2021-12-16 11:56:44...installerHook: Could not find custom/install/install_hooks.php
2021-12-16 11:56:44...php.ini location found. /etc/php.ini
2021-12-16 11:56:44...Outputting HTML for System check
2021-12-16 11:56:44...No Errors were found *************
2021-12-16 11:56:47...installerHook: Could not find custom/install/install_hooks.php
2021-12-16 11:56:50...installerHook: Could not find custom/install/install_hooks.php
2021-12-16 11:56:53...installerHook: Could not find custom/install/install_hooks.php
2021-12-16 11:57:22...Begin DB Check Process *************
2021-12-16 11:57:22...testing with mysql:mysqli
2021-12-16 11:57:22...Basic form info is valid, continuing Process.
2021-12-16 11:57:22...Testing user account...
2021-12-16 11:57:22...ERROR::  The provided database host, username, and/or password is invalid, and a connection to the database could not be established.  Please enter a valid host, username and password
2021-12-16 11:57:22...Testing priviliged account...
2021-12-16 11:57:22...ERROR::  The provided database host, username, and/or password is invalid, and a connection to the database could not be established.  Please enter a valid host, username and password
2021-12-16 11:57:22...Begining to check FTS Settings.
2021-12-16 11:57:22...FTS connection results: 1
2021-12-16 11:57:22...End DB Check Process *************
2021-12-16 11:57:22...FATAL:: errors have been detected!  User will not be allowed to continue.  Errors are as follow:
2021-12-16 11:57:22..... The provided database host, username, and/or password is invalid, and a connection to the database could not be established.  Please enter a valid host, username and password
2021-12-16 11:57:47...Begin DB Check Process *************
2021-12-16 11:57:47...testing with mysql:mysqli
2021-12-16 11:57:47...Basic form info is valid, continuing Process.
2021-12-16 11:57:47...Testing user account...
2021-12-16 11:57:47...ERROR::  The provided database host, username, and/or password is invalid, and a connection to the database could not be established.  Please enter a valid host, username and password
2021-12-16 11:57:47...Testing priviliged account...
2021-12-16 11:57:47...ERROR::  The provided database host, username, and/or password is invalid, and a connection to the database could not be established.  Please enter a valid host, username and password
2021-12-16 11:57:47...Begining to check FTS Settings.
2021-12-16 11:57:47...FTS connection results: 1
2021-12-16 11:57:47...End DB Check Process *************
2021-12-16 11:57:47...FATAL:: errors have been detected!  User will not be allowed to continue.  Errors are as follow:
2021-12-16 11:57:47..... The provided database host, username, and/or password is invalid, and a connection to the database could not be established.  Please enter a valid host, username and password
2021-12-16 11:59:26...Begin DB Check Process *************
2021-12-16 11:59:26...testing with mysql:mysqli
2021-12-16 11:59:26...Basic form info is valid, continuing Process.
2021-12-16 11:59:26...Testing user account...
2021-12-16 11:59:26...Connection made using  host: localhost, usr: root
2021-12-16 11:59:26...Testing priviliged account...
2021-12-16 11:59:26...Connection made using  host: localhost, usr: root
2021-12-16 11:59:26...DB not selected, will create techsupport
2021-12-16 11:59:26...Passed DB install check
2021-12-16 11:59:26...Begining to check FTS Settings.
2021-12-16 11:59:26...FTS connection results: 1
2021-12-16 11:59:26...End DB Check Process *************
2021-12-16 11:59:26...SUCCESS:: no errors detected!
2021-12-16 11:59:27...installerHook: Could not find custom/install/install_hooks.php
2021-12-16 12:00:06...installerHook: Could not find custom/install/install_hooks.php
2021-12-16 12:05:21...installerHook: Could not find custom/install/install_hooks.php
2021-12-16 12:08:50...installerHook: Could not find custom/install/install_hooks.php
2021-12-16 12:08:50...calling handleSugarConfig()
2021-12-16 12:08:50...calling handleHtaccess()
2021-12-16 12:08:50...calling handleDbCreateDatabase()
2021-12-16 12:08:51...looping through all the Beans and create their tables
2021-12-16 12:08:53...processing table acl_actions
2021-12-16 12:09:08...creating table acl_actions
2021-12-16 12:09:08...creating Relationship Meta for ACLAction
2021-12-16 12:09:08...processing table acl_roles
2021-12-16 12:09:14...creating table acl_roles
2021-12-16 12:09:14...creating Relationship Meta for ACLRole
2021-12-16 12:09:14...processing table relationships
2021-12-16 12:09:15...processing table acl_role_sets
2021-12-16 12:09:25...creating table acl_role_sets
2021-12-16 12:09:25...creating Relationship Meta for ACLRoleSet
2021-12-16 12:09:26...processing table leads
2021-12-16 12:09:53...creating table leads
2021-12-16 12:09:53...creating Relationship Meta for Lead
2021-12-16 12:09:53...processing table cases
2021-12-16 12:09:55...creating table cases
2021-12-16 12:09:55...creating Relationship Meta for Case
2021-12-16 12:09:55...processing table bugs
2021-12-16 12:09:56...creating table bugs
2021-12-16 12:09:56...creating Relationship Meta for Bug
2021-12-16 12:09:56...processing table campaign_log
2021-12-16 12:09:57...creating table campaign_log
2021-12-16 12:09:57...creating Relationship Meta for CampaignLog
2021-12-16 12:09:57...processing table project
2021-12-16 12:09:57...creating table project
2021-12-16 12:09:57...creating Relationship Meta for Project
2021-12-16 12:09:57...processing table project_task
2021-12-16 12:09:58...creating table project_task
2021-12-16 12:09:58...creating Relationship Meta for ProjectTask
2021-12-16 12:09:58...processing table campaigns
2021-12-16 12:09:59...creating table campaigns
2021-12-16 12:09:59...creating Relationship Meta for Campaign
2021-12-16 12:09:59...processing table prospect_lists
2021-12-16 12:10:00...creating table prospect_lists
2021-12-16 12:10:00...creating Relationship Meta for ProspectList
2021-12-16 12:10:00...processing table prospects
2021-12-16 12:10:01...creating table prospects
2021-12-16 12:10:01...creating Relationship Meta for Prospect
2021-12-16 12:10:01...processing table email_marketing
2021-12-16 12:10:01...creating table email_marketing
2021-12-16 12:10:01...creating Relationship Meta for EmailMarketing
2021-12-16 12:10:01...processing table campaign_trkrs
2021-12-16 12:10:02...creating table campaign_trkrs
2021-12-16 12:10:02...creating Relationship Meta for CampaignTracker
2021-12-16 12:10:02...processing table releases
2021-12-16 12:10:02...creating table releases
2021-12-16 12:10:02...creating Relationship Meta for Release
2021-12-16 12:10:02...processing table emailman
2021-12-16 12:10:02...creating table emailman
2021-12-16 12:10:02...creating Relationship Meta for EmailMan
2021-12-16 12:10:02...processing table schedulers
2021-12-16 12:10:03...creating table schedulers
2021-12-16 12:10:03...creating Relationship Meta for Scheduler
2021-12-16 12:10:03...processing table job_queue
2021-12-16 12:10:04...creating table job_queue
2021-12-16 12:10:04...creating Relationship Meta for SchedulersJob
2021-12-16 12:10:04...processing table contacts
2021-12-16 12:10:07...creating table contacts
2021-12-16 12:10:07...creating Relationship Meta for Contact
2021-12-16 12:10:07...processing table accounts
2021-12-16 12:10:08...creating table accounts
2021-12-16 12:10:08...creating Relationship Meta for Account
2021-12-16 12:10:08...processing table opportunities
2021-12-16 12:10:09...creating table opportunities
2021-12-16 12:10:09...creating Relationship Meta for Opportunity
2021-12-16 12:10:09...processing table email_templates
2021-12-16 12:10:10...creating table email_templates
2021-12-16 12:10:10...creating Relationship Meta for EmailTemplate
2021-12-16 12:10:10...processing table users_signatures
2021-12-16 12:10:11...creating table users_signatures
2021-12-16 12:10:11...creating Relationship Meta for UserSignature
2021-12-16 12:10:11...processing table notes
2021-12-16 12:10:12...creating table notes
2021-12-16 12:10:12...creating Relationship Meta for Note
2021-12-16 12:10:12...processing table calls
2021-12-16 12:10:14...creating table calls
2021-12-16 12:10:14...creating Relationship Meta for Call
2021-12-16 12:10:14...processing table emails
2021-12-16 12:10:15...creating table emails
2021-12-16 12:10:15...creating Relationship Meta for Email
2021-12-16 12:10:15...processing table meetings
2021-12-16 12:10:16...creating table meetings
2021-12-16 12:10:16...creating Relationship Meta for Meeting
2021-12-16 12:10:16...processing table tasks
2021-12-16 12:10:17...creating table tasks
2021-12-16 12:10:17...creating Relationship Meta for Task
2021-12-16 12:10:17...processing table users
2021-12-16 12:10:18...creating table users
2021-12-16 12:10:18...creating Relationship Meta for User
2021-12-16 12:10:18...processing table users
2021-12-16 12:10:18...processing table currencies
2021-12-16 12:10:18...creating table currencies
2021-12-16 12:10:18...creating Relationship Meta for Currency
2021-12-16 12:10:18...processing table tracker
2021-12-16 12:10:19...creating table tracker
2021-12-16 12:10:19...creating Relationship Meta for Tracker
2021-12-16 12:10:19...processing table tracker_perf
2021-12-16 12:10:19...creating table tracker_perf
2021-12-16 12:10:19...creating Relationship Meta for tracker_perf
2021-12-16 12:10:19...processing table tracker_sessions
2021-12-16 12:10:20...creating table tracker_sessions
2021-12-16 12:10:20...creating Relationship Meta for tracker_sessions
2021-12-16 12:10:20...processing table tracker_queries
2021-12-16 12:10:20...creating table tracker_queries
2021-12-16 12:10:20...creating Relationship Meta for tracker_queries
2021-12-16 12:10:20...processing table import_maps
2021-12-16 12:10:20...creating table import_maps
2021-12-16 12:10:20...creating Relationship Meta for ImportMap
2021-12-16 12:10:20...processing table users_last_import
2021-12-16 12:10:20...creating table users_last_import
2021-12-16 12:10:20...creating Relationship Meta for UsersLastImport
2021-12-16 12:10:20...processing table config
2021-12-16 12:10:21...creating table config
2021-12-16 12:10:21...creating Relationship Meta for Administration
2021-12-16 12:10:21...processing table upgrade_history
2021-12-16 12:10:21...creating table upgrade_history
2021-12-16 12:10:21...creating Relationship Meta for UpgradeHistory
2021-12-16 12:10:21...processing table vcals
2021-12-16 12:10:21...creating table vcals
2021-12-16 12:10:21...creating Relationship Meta for vCal
2021-12-16 12:10:21...processing table versions
2021-12-16 12:10:21...creating table versions
2021-12-16 12:10:21...creating Relationship Meta for Version
2021-12-16 12:10:21...processing table roles
2021-12-16 12:10:22...creating table roles
2021-12-16 12:10:22...creating Relationship Meta for Role
2021-12-16 12:10:22...processing table documents
2021-12-16 12:10:22...creating table documents
2021-12-16 12:10:22...creating Relationship Meta for Document
2021-12-16 12:10:22...processing table document_revisions
2021-12-16 12:10:23...creating table document_revisions
2021-12-16 12:10:23...creating Relationship Meta for DocumentRevision
2021-12-16 12:10:23...processing table fields_meta_data
2021-12-16 12:10:23...creating table fields_meta_data
2021-12-16 12:10:23...creating Relationship Meta for FieldsMetaData
2021-12-16 12:10:23...processing table inbound_email
2021-12-16 12:10:24...creating table inbound_email
2021-12-16 12:10:24...creating Relationship Meta for InboundEmail
2021-12-16 12:10:24...processing table saved_search
2021-12-16 12:10:24...creating table saved_search
2021-12-16 12:10:24...creating Relationship Meta for SavedSearch
2021-12-16 12:10:24...processing table user_preferences
2021-12-16 12:10:24...creating table user_preferences
2021-12-16 12:10:24...creating Relationship Meta for UserPreference
2021-12-16 12:10:24...processing table email_addresses
2021-12-16 12:10:25...creating table email_addresses
2021-12-16 12:10:25...creating Relationship Meta for EmailAddress
2021-12-16 12:10:25...processing table emails_text
2021-12-16 12:10:25...creating table emails_text
2021-12-16 12:10:25...creating Relationship Meta for EmailText
2021-12-16 12:10:25...processing table saved_reports
2021-12-16 12:10:26...creating table saved_reports
2021-12-16 12:10:26...creating Relationship Meta for SavedReport
2021-12-16 12:10:26...processing table acl_fields
2021-12-16 12:10:26...creating table acl_fields
2021-12-16 12:10:26...creating Relationship Meta for ACLField
2021-12-16 12:10:26...processing table contracts
2021-12-16 12:10:28...creating table contracts
2021-12-16 12:10:28...creating Relationship Meta for Contract
2021-12-16 12:10:28...processing table teams
2021-12-16 12:10:29...creating table teams
2021-12-16 12:10:29...creating Relationship Meta for Team
2021-12-16 12:10:29...processing table team_memberships
2021-12-16 12:10:30...creating table team_memberships
2021-12-16 12:10:30...creating Relationship Meta for TeamMembership
2021-12-16 12:10:30...processing table team_sets
2021-12-16 12:10:30...creating table team_sets
2021-12-16 12:10:30...creating Relationship Meta for TeamSet
2021-12-16 12:10:30...processing table team_sets_modules
2021-12-16 12:10:30...creating table team_sets_modules
2021-12-16 12:10:30...creating Relationship Meta for TeamSetModule
2021-12-16 12:10:30...processing table team_notices
2021-12-16 12:10:31...creating table team_notices
2021-12-16 12:10:31...creating Relationship Meta for TeamNotices
2021-12-16 12:10:31...processing table product_templates
2021-12-16 12:10:32...creating table product_templates
2021-12-16 12:10:32...creating Relationship Meta for ProductTemplate
2021-12-16 12:10:32...processing table product_types
2021-12-16 12:10:33...creating table product_types
2021-12-16 12:10:33...creating Relationship Meta for ProductType
2021-12-16 12:10:33...processing table product_categories
2021-12-16 12:10:33...creating table product_categories
2021-12-16 12:10:33...creating Relationship Meta for ProductCategory
2021-12-16 12:10:33...processing table manufacturers
2021-12-16 12:10:34...creating table manufacturers
2021-12-16 12:10:34...creating Relationship Meta for Manufacturer
2021-12-16 12:10:34...processing table quotes
2021-12-16 12:10:35...creating table quotes
2021-12-16 12:10:35...creating Relationship Meta for Quote
2021-12-16 12:10:35...processing table product_bundle_notes
2021-12-16 12:10:35...creating table product_bundle_notes
2021-12-16 12:10:35...creating Relationship Meta for ProductBundleNote
2021-12-16 12:10:35...processing table products
2021-12-16 12:10:37...creating table products
2021-12-16 12:10:37...creating Relationship Meta for Product
2021-12-16 12:10:37...processing table product_bundles
2021-12-16 12:10:37...creating table product_bundles
2021-12-16 12:10:37...creating Relationship Meta for ProductBundle
2021-12-16 12:10:37...processing table revenue_line_items
2021-12-16 12:10:38...creating table revenue_line_items
2021-12-16 12:10:38...creating Relationship Meta for RevenueLineItem
2021-12-16 12:10:38...processing table shippers
2021-12-16 12:10:39...creating table shippers
2021-12-16 12:10:39...creating Relationship Meta for Shipper
2021-12-16 12:10:39...processing table taxrates
2021-12-16 12:10:39...creating table taxrates
2021-12-16 12:10:39...creating Relationship Meta for TaxRate
2021-12-16 12:10:39...processing table timeperiods
2021-12-16 12:10:40...creating table timeperiods
2021-12-16 12:10:40...creating Relationship Meta for TimePeriod
2021-12-16 12:10:40...processing table timeperiods
2021-12-16 12:10:40...processing table timeperiods
2021-12-16 12:10:40...processing table timeperiods
2021-12-16 12:10:40...processing table timeperiods
2021-12-16 12:10:40...processing table timeperiods
2021-12-16 12:10:40...processing table timeperiods
2021-12-16 12:10:40...processing table forecasts
2021-12-16 12:10:40...creating table forecasts
2021-12-16 12:10:40...creating Relationship Meta for Forecast
2021-12-16 12:10:40...processing table forecast_worksheets
2021-12-16 12:10:41...creating table forecast_worksheets
2021-12-16 12:10:41...creating Relationship Meta for ForecastWorksheet
2021-12-16 12:10:41...processing table forecast_manager_worksheets
2021-12-16 12:10:42...creating table forecast_manager_worksheets
2021-12-16 12:10:42...creating Relationship Meta for ForecastManagerWorksheet
2021-12-16 12:10:42...processing table opportunities
2021-12-16 12:10:42...processing table users
2021-12-16 12:10:42...processing table quotas
2021-12-16 12:10:43...creating table quotas
2021-12-16 12:10:43...creating Relationship Meta for Quota
2021-12-16 12:10:43...processing table workflow
2021-12-16 12:10:43...creating table workflow
2021-12-16 12:10:43...creating Relationship Meta for WorkFlow
2021-12-16 12:10:43...processing table workflow_triggershells
2021-12-16 12:10:43...creating table workflow_triggershells
2021-12-16 12:10:43...creating Relationship Meta for WorkFlowTriggerShell
2021-12-16 12:10:43...processing table workflow_alertshells
2021-12-16 12:10:44...creating table workflow_alertshells
2021-12-16 12:10:44...creating Relationship Meta for WorkFlowAlertShell
2021-12-16 12:10:44...processing table workflow_alerts
2021-12-16 12:10:44...creating table workflow_alerts
2021-12-16 12:10:44...creating Relationship Meta for WorkFlowAlert
2021-12-16 12:10:44...processing table workflow_actionshells
2021-12-16 12:10:44...creating table workflow_actionshells
2021-12-16 12:10:44...creating Relationship Meta for WorkFlowActionShell
2021-12-16 12:10:44...processing table workflow_actions
2021-12-16 12:10:44...creating table workflow_actions
2021-12-16 12:10:44...creating Relationship Meta for WorkFlowAction
2021-12-16 12:10:44...processing table expressions
2021-12-16 12:10:45...creating table expressions
2021-12-16 12:10:45...creating Relationship Meta for Expression
2021-12-16 12:10:45...processing table session_active
2021-12-16 12:10:45...creating table session_active
2021-12-16 12:10:45...creating Relationship Meta for SessionManager
2021-12-16 12:10:45...processing table contract_types
2021-12-16 12:10:45...creating table contract_types
2021-12-16 12:10:45...creating Relationship Meta for ContractType
2021-12-16 12:10:45...processing table holidays
2021-12-16 12:10:46...creating table holidays
2021-12-16 12:10:46...creating Relationship Meta for Holiday
2021-12-16 12:10:46...processing table custom_queries
2021-12-16 12:10:47...creating table custom_queries
2021-12-16 12:10:47...creating Relationship Meta for CustomQuery
2021-12-16 12:10:47...processing table data_sets
2021-12-16 12:10:47...creating table data_sets
2021-12-16 12:10:47...creating Relationship Meta for DataSet
2021-12-16 12:10:47...processing table dataset_attributes
2021-12-16 12:10:48...creating table dataset_attributes
2021-12-16 12:10:48...creating Relationship Meta for DataSet_Attribute
2021-12-16 12:10:48...processing table dataset_layouts
2021-12-16 12:10:48...creating table dataset_layouts
2021-12-16 12:10:48...creating Relationship Meta for DataSet_Layout
2021-12-16 12:10:48...processing table report_maker
2021-12-16 12:10:48...creating table report_maker
2021-12-16 12:10:48...creating Relationship Meta for ReportMaker
2021-12-16 12:10:48...processing table pmse_project
2021-12-16 12:10:49...creating table pmse_project
2021-12-16 12:10:49...creating Relationship Meta for pmse_Project
2021-12-16 12:10:49...processing table pmse_inbox
2021-12-16 12:10:50...creating table pmse_inbox
2021-12-16 12:10:50...creating Relationship Meta for pmse_Inbox
2021-12-16 12:10:50...processing table pmse_business_rules
2021-12-16 12:10:51...creating table pmse_business_rules
2021-12-16 12:10:51...creating Relationship Meta for pmse_Business_Rules
2021-12-16 12:10:51...processing table pmse_emails_templates
2021-12-16 12:10:51...creating table pmse_emails_templates
2021-12-16 12:10:51...creating Relationship Meta for pmse_Emails_Templates
2021-12-16 12:10:51...processing table pmse_bpmn_activity
2021-12-16 12:10:52...creating table pmse_bpmn_activity
2021-12-16 12:10:52...creating Relationship Meta for pmse_BpmnActivity
2021-12-16 12:10:52...processing table pmse_bpmn_artifact
2021-12-16 12:10:52...creating table pmse_bpmn_artifact
2021-12-16 12:10:52...creating Relationship Meta for pmse_BpmnArtifact
2021-12-16 12:10:52...processing table pmse_bpmn_bound
2021-12-16 12:10:53...creating table pmse_bpmn_bound
2021-12-16 12:10:53...creating Relationship Meta for pmse_BpmnBound
2021-12-16 12:10:53...processing table pmse_bpmn_data
2021-12-16 12:10:53...creating table pmse_bpmn_data
2021-12-16 12:10:53...creating Relationship Meta for pmse_BpmnData
2021-12-16 12:10:53...processing table pmse_bpmn_diagram
2021-12-16 12:10:54...creating table pmse_bpmn_diagram
2021-12-16 12:10:54...creating Relationship Meta for pmse_BpmnDiagram
2021-12-16 12:10:54...processing table pmse_bpmn_documentation
2021-12-16 12:10:54...creating table pmse_bpmn_documentation
2021-12-16 12:10:54...creating Relationship Meta for pmse_BpmnDocumentation
2021-12-16 12:10:54...processing table pmse_bpmn_event
2021-12-16 12:10:55...creating table pmse_bpmn_event
2021-12-16 12:10:55...creating Relationship Meta for pmse_BpmnEvent
2021-12-16 12:10:55...processing table pmse_bpmn_extension
2021-12-16 12:10:55...creating table pmse_bpmn_extension
2021-12-16 12:10:55...creating Relationship Meta for pmse_BpmnExtension
2021-12-16 12:10:55...processing table pmse_bpmn_flow
2021-12-16 12:10:56...creating table pmse_bpmn_flow
2021-12-16 12:10:56...creating Relationship Meta for pmse_BpmnFlow
2021-12-16 12:10:56...processing table pmse_bpmn_gateway
2021-12-16 12:10:56...creating table pmse_bpmn_gateway
2021-12-16 12:10:56...creating Relationship Meta for pmse_BpmnGateway
2021-12-16 12:10:56...processing table pmse_bpmn_lane
2021-12-16 12:10:57...creating table pmse_bpmn_lane
2021-12-16 12:10:57...creating Relationship Meta for pmse_BpmnLane
2021-12-16 12:10:57...processing table pmse_bpmn_laneset
2021-12-16 12:10:57...creating table pmse_bpmn_laneset
2021-12-16 12:10:57...creating Relationship Meta for pmse_BpmnLaneset
2021-12-16 12:10:57...processing table pmse_bpmn_participant
2021-12-16 12:10:57...creating table pmse_bpmn_participant
2021-12-16 12:10:57...creating Relationship Meta for pmse_BpmnParticipant
2021-12-16 12:10:57...processing table pmse_bpmn_process
2021-12-16 12:10:58...creating table pmse_bpmn_process
2021-12-16 12:10:58...creating Relationship Meta for pmse_BpmnProcess
2021-12-16 12:10:58...processing table pmse_bpm_flow
2021-12-16 12:10:59...creating table pmse_bpm_flow
2021-12-16 12:10:59...creating Relationship Meta for pmse_BpmFlow
2021-12-16 12:10:59...processing table pmse_bpm_thread
2021-12-16 12:10:59...creating table pmse_bpm_thread
2021-12-16 12:10:59...creating Relationship Meta for pmse_BpmThread
2021-12-16 12:10:59...processing table pmse_bpm_notes
2021-12-16 12:11:00...creating table pmse_bpm_notes
2021-12-16 12:11:00...creating Relationship Meta for pmse_BpmNotes
2021-12-16 12:11:00...processing table pmse_bpm_related_dependency
2021-12-16 12:11:00...creating table pmse_bpm_related_dependency
2021-12-16 12:11:00...creating Relationship Meta for pmse_BpmRelatedDependency
2021-12-16 12:11:00...processing table pmse_bpm_activity_user
2021-12-16 12:11:01...creating table pmse_bpm_activity_user
2021-12-16 12:11:01...creating Relationship Meta for pmse_BpmActivityUser
2021-12-16 12:11:01...processing table pmse_bpm_event_definition
2021-12-16 12:11:01...creating table pmse_bpm_event_definition
2021-12-16 12:11:01...creating Relationship Meta for pmse_BpmEventDefinition
2021-12-16 12:11:01...processing table pmse_bpm_gateway_definition
2021-12-16 12:11:02...creating table pmse_bpm_gateway_definition
2021-12-16 12:11:02...creating Relationship Meta for pmse_BpmGatewayDefinition
2021-12-16 12:11:02...processing table pmse_bpm_activity_definition
2021-12-16 12:11:02...creating table pmse_bpm_activity_definition
2021-12-16 12:11:02...creating Relationship Meta for pmse_BpmActivityDefinition
2021-12-16 12:11:02...processing table pmse_bpm_activity_step
2021-12-16 12:11:03...creating table pmse_bpm_activity_step
2021-12-16 12:11:03...creating Relationship Meta for pmse_BpmActivityStep
2021-12-16 12:11:03...processing table pmse_bpm_form_action
2021-12-16 12:11:03...creating table pmse_bpm_form_action
2021-12-16 12:11:03...creating Relationship Meta for pmse_BpmFormAction
2021-12-16 12:11:03...processing table pmse_bpm_dynamic_forms
2021-12-16 12:11:04...creating table pmse_bpm_dynamic_forms
2021-12-16 12:11:04...creating Relationship Meta for pmse_BpmDynaForm
2021-12-16 12:11:04...processing table pmse_bpm_process_definition
2021-12-16 12:11:05...creating table pmse_bpm_process_definition
2021-12-16 12:11:05...creating Relationship Meta for pmse_BpmProcessDefinition
2021-12-16 12:11:05...processing table pmse_bpm_config
2021-12-16 12:11:06...creating table pmse_bpm_config
2021-12-16 12:11:06...creating Relationship Meta for pmse_BpmConfig
2021-12-16 12:11:06...processing table pmse_bpm_group
2021-12-16 12:11:07...creating table pmse_bpm_group
2021-12-16 12:11:07...creating Relationship Meta for pmse_BpmGroup
2021-12-16 12:11:07...processing table pmse_bpm_group_user
2021-12-16 12:11:07...creating table pmse_bpm_group_user
2021-12-16 12:11:07...creating Relationship Meta for pmse_BpmGroupUser
2021-12-16 12:11:07...processing table pmse_email_message
2021-12-16 12:11:08...creating table pmse_email_message
2021-12-16 12:11:08...creating Relationship Meta for pmse_EmailMessage
2021-12-16 12:11:08...processing table business_centers
2021-12-16 12:11:09...creating table business_centers
2021-12-16 12:11:09...creating Relationship Meta for BusinessCenter
2021-12-16 12:11:09...processing table shifts
2021-12-16 12:11:10...creating table shifts
2021-12-16 12:11:10...creating Relationship Meta for Shift
2021-12-16 12:11:10...processing table shift_exceptions
2021-12-16 12:11:11...creating table shift_exceptions
2021-12-16 12:11:11...creating Relationship Meta for ShiftException
2021-12-16 12:11:11...processing table changetimers
2021-12-16 12:11:12...creating table changetimers
2021-12-16 12:11:12...creating Relationship Meta for ChangeTimer
2021-12-16 12:11:12...processing table messages
2021-12-16 12:11:13...creating table messages
2021-12-16 12:11:13...creating Relationship Meta for Message
2021-12-16 12:11:13...processing table mobile_devices
2021-12-16 12:11:13...creating table mobile_devices
2021-12-16 12:11:13...creating Relationship Meta for MobileDevice
2021-12-16 12:11:13...processing table purchases
2021-12-16 12:11:15...creating table purchases
2021-12-16 12:11:15...creating Relationship Meta for Purchase
2021-12-16 12:11:15...processing table purchased_line_items
2021-12-16 12:11:15...creating table purchased_line_items
2021-12-16 12:11:15...creating Relationship Meta for PurchasedLineItem
2021-12-16 12:11:15...processing table push_notifications
2021-12-16 12:11:16...creating table push_notifications
2021-12-16 12:11:16...creating Relationship Meta for PushNotification
2021-12-16 12:11:16...processing table 
2021-12-16 12:11:16...processing table styleguide
2021-12-16 12:11:16...creating table styleguide
2021-12-16 12:11:16...creating Relationship Meta for Styleguide
2021-12-16 12:11:16...processing table outbound_email
2021-12-16 12:11:17...creating table outbound_email
2021-12-16 12:11:17...creating Relationship Meta for OutboundEmail
2021-12-16 12:11:17...processing table emails_email_addr_rel
2021-12-16 12:11:17...creating table emails_email_addr_rel
2021-12-16 12:11:17...creating Relationship Meta for EmailParticipant
2021-12-16 12:11:17...processing table data_privacy
2021-12-16 12:11:19...creating table data_privacy
2021-12-16 12:11:19...creating Relationship Meta for DataPrivacy
2021-12-16 12:11:19...processing table report_schedules
2021-12-16 12:11:20...creating table report_schedules
2021-12-16 12:11:20...creating Relationship Meta for ReportSchedule
2021-12-16 12:11:20...processing table notifications
2021-12-16 12:11:20...creating table notifications
2021-12-16 12:11:20...creating Relationship Meta for Notifications
2021-12-16 12:11:20...processing table eapm
2021-12-16 12:11:21...creating table eapm
2021-12-16 12:11:21...creating Relationship Meta for EAPM
2021-12-16 12:11:21...processing table oauth_consumer
2021-12-16 12:11:22...creating table oauth_consumer
2021-12-16 12:11:22...creating Relationship Meta for OAuthKey
2021-12-16 12:11:22...processing table oauth_tokens
2021-12-16 12:11:22...creating table oauth_tokens
2021-12-16 12:11:22...creating Relationship Meta for OAuthToken
2021-12-16 12:11:22...processing table sugarfavorites
2021-12-16 12:11:23...creating table sugarfavorites
2021-12-16 12:11:23...creating Relationship Meta for SugarFavorites
2021-12-16 12:11:23...processing table weblogichooks
2021-12-16 12:11:23...creating table weblogichooks
2021-12-16 12:11:23...creating Relationship Meta for WebLogicHook
2021-12-16 12:11:23...processing table activities
2021-12-16 12:11:24...creating table activities
2021-12-16 12:11:24...creating Relationship Meta for Activity
2021-12-16 12:11:24...processing table comments
2021-12-16 12:11:24...creating table comments
2021-12-16 12:11:24...creating Relationship Meta for Comment
2021-12-16 12:11:24...processing table subscriptions
2021-12-16 12:11:25...creating table subscriptions
2021-12-16 12:11:25...creating Relationship Meta for Subscription
2021-12-16 12:11:25...processing table filters
2021-12-16 12:11:25...creating table filters
2021-12-16 12:11:25...creating Relationship Meta for Filters
2021-12-16 12:11:25...processing table dashboards
2021-12-16 12:11:26...creating table dashboards
2021-12-16 12:11:26...creating Relationship Meta for Dashboard
2021-12-16 12:11:26...processing table tags
2021-12-16 12:11:27...creating table tags
2021-12-16 12:11:27...creating Relationship Meta for Tag
2021-12-16 12:11:27...processing table categories
2021-12-16 12:11:27...creating table categories
2021-12-16 12:11:27...creating Relationship Meta for Category
2021-12-16 12:11:27...processing table pdfmanager
2021-12-16 12:11:28...creating table pdfmanager
2021-12-16 12:11:28...creating Relationship Meta for PdfManager
2021-12-16 12:11:28...processing table kbdocuments
2021-12-16 12:11:28...creating table kbdocuments
2021-12-16 12:11:28...creating Relationship Meta for KBDocument
2021-12-16 12:11:28...processing table kbcontents
2021-12-16 12:11:30...creating table kbcontents
2021-12-16 12:11:30...creating Relationship Meta for KBContent
2021-12-16 12:11:30...processing table kbarticles
2021-12-16 12:11:31...creating table kbarticles
2021-12-16 12:11:31...creating Relationship Meta for KBArticle
2021-12-16 12:11:31...processing table kbcontent_templates
2021-12-16 12:11:32...creating table kbcontent_templates
2021-12-16 12:11:32...creating Relationship Meta for KBContentTemplate
2021-12-16 12:11:32...processing table embedded_files
2021-12-16 12:11:33...creating table embedded_files
2021-12-16 12:11:33...creating Relationship Meta for EmbeddedFile
2021-12-16 12:11:33...processing table visual_pipeline
2021-12-16 12:11:33...creating table visual_pipeline
2021-12-16 12:11:33...creating Relationship Meta for VisualPipeline
2021-12-16 12:11:33...processing table console_configuration
2021-12-16 12:11:33...creating table console_configuration
2021-12-16 12:11:33...creating Relationship Meta for ConsoleConfiguration
2021-12-16 12:11:33...processing table sugar_live
2021-12-16 12:11:34...creating table sugar_live
2021-12-16 12:11:34...creating Relationship Meta for SugarLive
2021-12-16 12:11:34...processing table commentlog
2021-12-16 12:11:34...creating table commentlog
2021-12-16 12:11:34...creating Relationship Meta for CommentLog
2021-12-16 12:11:34...processing table data_archivers
2021-12-16 12:11:35...creating table data_archivers
2021-12-16 12:11:35...creating Relationship Meta for DataArchiver
2021-12-16 12:11:35...processing table archive_runs
2021-12-16 12:11:35...creating table archive_runs
2021-12-16 12:11:35...creating Relationship Meta for ArchiveRuns
2021-12-16 12:12:10...Begin creating Defaults
2021-12-16 12:12:10...INSERT defaults INTO config TABLE
2021-12-16 12:12:10...Updating license information
2021-12-16 12:12:10...Creating default users
2021-12-16 12:12:12...Creating default reports
2021-12-16 12:12:19...Creating default scheduler jobs
2021-12-16 12:12:20...creating new user for Snip
2021-12-16 12:12:21...Converting Opportunities to use RevenueLineItems
2021-12-16 12:12:30...Converting Opportunities Reports to use RevenueLineItems
2021-12-16 12:12:31...converting Forecasts to use RevenueLineItems
2021-12-16 12:12:32...creating default dashboards
2021-12-16 12:12:38...populating the db with seed data
2021-12-16 12:12:38...done populating the db with seed data
2021-12-16 12:12:38...Installing Business Process Management designs
2021-12-16 12:12:50...Process Design Process Definitions installations: 12
2021-12-16 12:12:50...Process Design Process Business Rules installations: 3
2021-12-16 12:12:50...Process Design Process Email Templates installations: 13
2021-12-16 12:12:50...Process Design files cleaned up: 12
2021-12-16 12:12:50...Completed installation of Business Process Management designs
2021-12-16 12:12:50...running full indexer